<?xml version="1.0" encoding="UTF-8"?>
<testsuites name="Amazon_TestSuite_Search_An_Item" time="258.249" tests="1" failures="0" errors="0">
   <testsuite name="Amazon_TestSuite_Search_An_Item" tests="1" failures="0" errors="0" time="258.249" skipped="0" timestamp="15-02-2024T21:11:44" hostname="User - DELL-inspiron" id="Test Suites/Amazon_TestSuite/Amazon_TestSuite_Search_An_Item">
      <properties>
         <property name="deviceName" value=""/>
         <property name="devicePlatform" value=""/>
         <property name="logFolder" value="C:\\Users\\User\\git\\Katalon_Amazon_01\\Reports\\20240215_211135\\Amazon_TestSuite\\Amazon_TestSuite_Search_An_Item\\20240215_211135"/>
         <property name="logFiles" value="C:\\Users\\User\\git\\Katalon_Amazon_01\\Reports\\20240215_211135\\Amazon_TestSuite\\Amazon_TestSuite_Search_An_Item\\20240215_211135\\execution0.log"/>
         <property name="attachments" value=""/>
         <property name="hostName" value="User - DELL-inspiron"/>
         <property name="os" value="Windows 11 64bit"/>
         <property name="katalonVersion" value="9.3.0.212"/>
         <property name="browser" value="Chrome 121.0.0.0"/>
         <property name="hostAddress" value="192.168.202.149"/>
         <property name="sessionId" value="6d40415dd9b2b4ab627b2c3eea4cecb7"/>
         <property name="seleniumVersion" value="3.141.59"/>
         <property name="proxyInformation" value="ProxyInformation { proxyOption=NO_PROXY, proxyServerType=HTTP, username=, password=********, proxyServerAddress=, proxyServerPort=0, executionList=&quot;&quot;, isApplyToDesiredCapabilities=true }"/>
         <property name="platform" value="Windows 11"/>
      </properties>
      <testcase name="Test Cases/Amazon/TC_Amazon_Search_An_Item" time="257.64" classname="Test Cases/Amazon/TC_Amazon_Search_An_Item" status="PASSED">
         <system-out><![CDATA[15-02-2024T21:11:45 - [TEST_CASE][PASSED] - Test Cases/Amazon/TC_Amazon_Search_An_Item: Test Cases/Amazon/TC_Amazon_Search_An_Item

15-02-2024T21:11:45 - [TEST_STEP][PASSED] - Start listener action : sampleBeforeTestCase: Navigate to 'https://www.amazon.in/' successfully

15-02-2024T21:11:45 - [TEST_STEP][PASSED] - openBrowser(""): Browser is opened with url: ''

15-02-2024T21:11:45 - [MESSAGE][INFO] - Starting 'Chrome' driver

15-02-2024T21:11:45 - [MESSAGE][INFO] - Action delay is set to 0 milliseconds

15-02-2024T21:11:54 - [MESSAGE][PASSED] - Browser is opened with url: ''

15-02-2024T21:11:54 - [TEST_STEP][PASSED] - navigateToUrl("https://www.amazon.in/"): Navigate to 'https://www.amazon.in/' successfully

15-02-2024T21:12:12 - [MESSAGE][PASSED] - Navigate to 'https://www.amazon.in/' successfully

15-02-2024T21:12:12 - [TEST_STEP][PASSED] - openBrowser(""): Browser is opened with url: ''

15-02-2024T21:12:12 - [MESSAGE][WARNING] - A browser is already opened. Closing browser and opening a new one

15-02-2024T21:12:12 - [MESSAGE][INFO] - Starting 'Chrome' driver

15-02-2024T21:12:12 - [MESSAGE][INFO] - Action delay is set to 0 milliseconds

15-02-2024T21:12:14 - [MESSAGE][PASSED] - Browser is opened with url: ''

15-02-2024T21:12:14 - [TEST_STEP][PASSED] - navigateToUrl("https://www.amazon.in/"): Navigate to 'https://www.amazon.in/' successfully

15-02-2024T21:12:20 - [MESSAGE][PASSED] - Navigate to 'https://www.amazon.in/' successfully

15-02-2024T21:12:20 - [TEST_STEP][PASSED] - click(findTestObject("Object Repository/Amazon_Search_An_Item_OR/Page_Online Shopping site in India Shop Onl_10c5f3/span_Hello, sign in")): Object: 'Object Repository/Amazon_Search_An_Item_OR/Page_Online Shopping site in India Shop Onl_10c5f3/span_Hello, sign in' is clicked on

15-02-2024T21:13:09 - [MESSAGE][PASSED] - Object: 'Object Repository/Amazon_Search_An_Item_OR/Page_Online Shopping site in India Shop Onl_10c5f3/span_Hello, sign in' is clicked on

15-02-2024T21:13:09 - [TEST_STEP][PASSED] - setText(findTestObject("Object Repository/Amazon_Search_An_Item_OR/Page_Amazon Sign In/input_Email or mobile phone number_email"), "amrutha.ravisankar.04@gmail.com"): Text 'amrutha.ravisankar.04@gmail.com' is set on object 'Object Repository/Amazon_Search_An_Item_OR/Page_Amazon Sign In/input_Email or mobile phone number_email'

15-02-2024T21:13:12 - [MESSAGE][PASSED] - Text 'amrutha.ravisankar.04@gmail.com' is set on object 'Object Repository/Amazon_Search_An_Item_OR/Page_Amazon Sign In/input_Email or mobile phone number_email'

15-02-2024T21:13:12 - [TEST_STEP][PASSED] - click(findTestObject("Object Repository/Amazon_Search_An_Item_OR/Page_Amazon Sign In/input_Enter your email or mobile phone numb_fc7402")): Object: 'Object Repository/Amazon_Search_An_Item_OR/Page_Amazon Sign In/input_Enter your email or mobile phone numb_fc7402' is clicked on

15-02-2024T21:13:27 - [MESSAGE][PASSED] - Object: 'Object Repository/Amazon_Search_An_Item_OR/Page_Amazon Sign In/input_Enter your email or mobile phone numb_fc7402' is clicked on

15-02-2024T21:13:27 - [TEST_STEP][PASSED] - setText(findTestObject("Object Repository/Amazon_Search_An_Item_OR/Page_Amazon Sign In/input_Forgot Password_password"), "ammu0404"): Text 'ammu0404' is set on object 'Object Repository/Amazon_Search_An_Item_OR/Page_Amazon Sign In/input_Forgot Password_password'

15-02-2024T21:13:28 - [MESSAGE][PASSED] - Text 'ammu0404' is set on object 'Object Repository/Amazon_Search_An_Item_OR/Page_Amazon Sign In/input_Forgot Password_password'

15-02-2024T21:13:28 - [TEST_STEP][PASSED] - click(findTestObject("Object Repository/Amazon_Search_An_Item_OR/Page_Amazon Sign In/input_Enter your password_signInSubmit")): Object: 'Object Repository/Amazon_Search_An_Item_OR/Page_Amazon Sign In/input_Enter your password_signInSubmit' is clicked on

15-02-2024T21:13:30 - [MESSAGE][PASSED] - Object: 'Object Repository/Amazon_Search_An_Item_OR/Page_Amazon Sign In/input_Enter your password_signInSubmit' is clicked on

15-02-2024T21:13:30 - [TEST_STEP][PASSED] - selectOptionByValue(findTestObject("Object Repository/Amazon_Search_An_Item_OR/Page_Online Shopping site in India Shop Onl_10c5f3/select_All Categories        Alexa Skills  _59be89"), "search-alias=stripbooks", true): All options with value 'search-alias=stripbooks' are selected in object 'Object Repository/Amazon_Search_An_Item_OR/Page_Online Shopping site in India Shop Onl_10c5f3/select_All Categories        Alexa Skills  _59be89'  using regular expression

15-02-2024T21:14:03 - [MESSAGE][PASSED] - All options with value 'search-alias=stripbooks' are selected in object 'Object Repository/Amazon_Search_An_Item_OR/Page_Online Shopping site in India Shop Onl_10c5f3/select_All Categories        Alexa Skills  _59be89'  using regular expression

15-02-2024T21:14:03 - [TEST_STEP][PASSED] - setText(findTestObject("Object Repository/Amazon_Search_An_Item_OR/Page_Online Shopping site in India Shop Onl_10c5f3/input_Search Amazon.in_field-keywords"), "da vinci code"): Text 'da vinci code' is set on object 'Object Repository/Amazon_Search_An_Item_OR/Page_Online Shopping site in India Shop Onl_10c5f3/input_Search Amazon.in_field-keywords'

15-02-2024T21:14:06 - [MESSAGE][PASSED] - Text 'da vinci code' is set on object 'Object Repository/Amazon_Search_An_Item_OR/Page_Online Shopping site in India Shop Onl_10c5f3/input_Search Amazon.in_field-keywords'

15-02-2024T21:14:06 - [TEST_STEP][PASSED] - click(findTestObject("Object Repository/Amazon_Search_An_Item_OR/Page_Online Shopping site in India Shop Onl_10c5f3/input_Search Amazon.in_nav-search-submit-button")): Object: 'Object Repository/Amazon_Search_An_Item_OR/Page_Online Shopping site in India Shop Onl_10c5f3/input_Search Amazon.in_nav-search-submit-button' is clicked on

15-02-2024T21:14:56 - [MESSAGE][PASSED] - Object: 'Object Repository/Amazon_Search_An_Item_OR/Page_Online Shopping site in India Shop Onl_10c5f3/input_Search Amazon.in_nav-search-submit-button' is clicked on

15-02-2024T21:14:56 - [TEST_STEP][PASSED] - click(findTestObject("Object Repository/Amazon_Search_An_Item_OR/Page_Amazon.in  da vinci code/img_Results_s-image")): Object: 'Object Repository/Amazon_Search_An_Item_OR/Page_Amazon.in  da vinci code/img_Results_s-image' is clicked on

15-02-2024T21:15:28 - [MESSAGE][INFO] - Unable to find the element located by 'By.xpath: //div[@id='search']/div/div/div/span/div/div[3]/div/div/span/div/div/div/div/div/div[2]/div/span/a/div/img'. Please recheck the objects properties to make sure the desired element is located. 

15-02-2024T21:15:28 - [MESSAGE][WARNING] - [SELF-HEALING] Failed to find element with id 'Object Repository/Amazon_Search_An_Item_OR/Page_Amazon.in  da vinci code/img_Results_s-image'. Try using Self-healing.

15-02-2024T21:15:28 - [MESSAGE][WARNING] - [SELF-HEALING] The current locator of test object 'Object Repository/Amazon_Search_An_Item_OR/Page_Amazon.in  da vinci code/img_Results_s-image' was broken. Propose an alternative one: '//img[@alt='The Da Vinci Code (Abridged Edition) [Paperback] Brown, Dan']'.

15-02-2024T21:15:29 - [MESSAGE][PASSED] - Object: 'Object Repository/Amazon_Search_An_Item_OR/Page_Amazon.in  da vinci code/img_Results_s-image' is clicked on

15-02-2024T21:15:29 - [TEST_STEP][PASSED] - switchToWindowTitle("The Da Vinci Code (Abridged Edition) [Paperback] Brown, Dan : BROWN DAN: Amazon.in: Books"): Switched to window with title: 'The Da Vinci Code (Abridged Edition) [Paperback] Brown, Dan : BROWN DAN: Amazon.in: Books'

15-02-2024T21:15:58 - [MESSAGE][PASSED] - Switched to window with title: 'The Da Vinci Code (Abridged Edition) [Paperback] Brown, Dan : BROWN DAN: Amazon.in: Books'

15-02-2024T21:15:58 - [TEST_STEP][PASSED] - closeBrowser(): Browser is closed

15-02-2024T21:16:02 - [MESSAGE][PASSED] - Browser is closed

15-02-2024T21:16:02 - [TEST_STEP][PASSED] - Start listener action : sampleAfterTestCase: Browser is closed

15-02-2024T21:16:02 - [TEST_STEP][PASSED] - closeBrowser(): Browser is closed

15-02-2024T21:16:02 - [MESSAGE][PASSED] - Browser is closed]]></system-out>
         <system-err><![CDATA[]]></system-err>
      </testcase>
      <system-out><![CDATA[15-02-2024T21:11:44 - [TEST_SUITE][PASSED] - Amazon_TestSuite_Search_An_Item: Test Cases/Amazon/TC_Amazon_Search_An_Item]]></system-out>
      <system-err><![CDATA[]]></system-err>
   </testsuite>
</testsuites>
