<?xml version="1.0" encoding="UTF-8"?>
<testsuites name="Amazon_TestSuite_Login" time="183.928" tests="1" failures="0" errors="0">
   <testsuite name="Amazon_TestSuite_Login" tests="1" failures="0" errors="0" time="183.928" skipped="0" timestamp="15-02-2024T21:20:51" hostname="User - DELL-inspiron" id="Test Suites/Amazon_TestSuite/Amazon_TestSuite_Login">
      <properties>
         <property name="deviceName" value=""/>
         <property name="devicePlatform" value=""/>
         <property name="logFolder" value="C:\\Users\\User\\git\\Katalon_Amazon_01\\Reports\\20240215_212040\\Amazon_TestSuite\\Amazon_TestSuite_Login\\20240215_212041"/>
         <property name="logFiles" value="C:\\Users\\User\\git\\Katalon_Amazon_01\\Reports\\20240215_212040\\Amazon_TestSuite\\Amazon_TestSuite_Login\\20240215_212041\\execution0.log"/>
         <property name="attachments" value=""/>
         <property name="hostName" value="User - DELL-inspiron"/>
         <property name="os" value="Windows 11 64bit"/>
         <property name="katalonVersion" value="9.3.0.212"/>
         <property name="browser" value="Chrome 121.0.0.0"/>
         <property name="hostAddress" value="192.168.202.149"/>
         <property name="sessionId" value="bfc12be5709db5d84f53a62a15043036"/>
         <property name="seleniumVersion" value="3.141.59"/>
         <property name="proxyInformation" value="ProxyInformation { proxyOption=NO_PROXY, proxyServerType=HTTP, username=, password=********, proxyServerAddress=, proxyServerPort=0, executionList=&quot;&quot;, isApplyToDesiredCapabilities=true }"/>
         <property name="platform" value="Windows 11"/>
      </properties>
      <testcase name="Test Cases/Amazon/TC_Amazon_Login" time="183.246" classname="Test Cases/Amazon/TC_Amazon_Login" status="PASSED">
         <system-out><![CDATA[15-02-2024T21:20:51 - [TEST_CASE][PASSED] - Test Cases/Amazon/TC_Amazon_Login: Test Cases/Amazon/TC_Amazon_Login

15-02-2024T21:20:51 - [TEST_STEP][PASSED] - Start listener action : sampleBeforeTestCase: Navigate to 'https://www.amazon.in/' successfully

15-02-2024T21:20:51 - [TEST_STEP][PASSED] - openBrowser(""): Browser is opened with url: ''

15-02-2024T21:20:52 - [MESSAGE][INFO] - Starting 'Chrome' driver

15-02-2024T21:20:52 - [MESSAGE][INFO] - Action delay is set to 0 milliseconds

15-02-2024T21:21:00 - [MESSAGE][PASSED] - Browser is opened with url: ''

15-02-2024T21:21:00 - [TEST_STEP][PASSED] - navigateToUrl("https://www.amazon.in/"): Navigate to 'https://www.amazon.in/' successfully

15-02-2024T21:21:16 - [MESSAGE][PASSED] - Navigate to 'https://www.amazon.in/' successfully

15-02-2024T21:21:16 - [TEST_STEP][PASSED] - openBrowser(""): Browser is opened with url: ''

15-02-2024T21:21:16 - [MESSAGE][WARNING] - A browser is already opened. Closing browser and opening a new one

15-02-2024T21:21:17 - [MESSAGE][INFO] - Starting 'Chrome' driver

15-02-2024T21:21:17 - [MESSAGE][INFO] - Action delay is set to 0 milliseconds

15-02-2024T21:21:19 - [MESSAGE][PASSED] - Browser is opened with url: ''

15-02-2024T21:21:19 - [TEST_STEP][PASSED] - navigateToUrl("https://www.amazon.in/"): Navigate to 'https://www.amazon.in/' successfully

15-02-2024T21:21:25 - [MESSAGE][PASSED] - Navigate to 'https://www.amazon.in/' successfully

15-02-2024T21:21:25 - [TEST_STEP][PASSED] - click(findTestObject("Object Repository/Amazon_Login_OR/Page_Online Shopping site in India Shop Onl_10c5f3/span_Hello, sign in")): Object: 'Object Repository/Amazon_Login_OR/Page_Online Shopping site in India Shop Onl_10c5f3/span_Hello, sign in' is clicked on

15-02-2024T21:21:57 - [MESSAGE][INFO] - Unable to find the element located by 'By.xpath: //span[@id='nav-link-accountList-nav-line-1']'. Please recheck the objects properties to make sure the desired element is located. 

15-02-2024T21:21:57 - [MESSAGE][WARNING] - [SELF-HEALING] Failed to find element with id 'Object Repository/Amazon_Login_OR/Page_Online Shopping site in India Shop Onl_10c5f3/span_Hello, sign in'. Try using Self-healing.

15-02-2024T21:21:57 - [MESSAGE][INFO] - [SELF-HEALING] Failed Locator: '//span[@id='nav-link-accountList-nav-line-1']'.

15-02-2024T21:21:57 - [MESSAGE][INFO] - [SELF-HEALING] Failed Locator: '//a[@id='nav-link-accountList']/div/span'.

15-02-2024T21:21:57 - [MESSAGE][INFO] - [SELF-HEALING] Failed Locator: '(.//*[normalize-space(text()) and normalize-space(.)='EN'])[1]/following::span[2]'.

15-02-2024T21:21:58 - [MESSAGE][INFO] - [SELF-HEALING] Failed Locator: '(.//*[normalize-space(text()) and normalize-space(.)='Search Amazon.in'])[1]/following::span[7]'.

15-02-2024T21:21:58 - [MESSAGE][INFO] - [SELF-HEALING] Failed Locator: '(.//*[normalize-space(text()) and normalize-space(.)='Account & Lists'])[1]/preceding::span[1]'.

15-02-2024T21:21:58 - [MESSAGE][INFO] - [SELF-HEALING] Failed Locator: '(.//*[normalize-space(text()) and normalize-space(.)='Returns'])[1]/preceding::span[3]'.

15-02-2024T21:21:58 - [MESSAGE][INFO] - [SELF-HEALING] Failed Locator: '//*/text()[normalize-space(.)='Hello, sign in']/parent::*'.

15-02-2024T21:21:59 - [MESSAGE][INFO] - [SELF-HEALING] Failed Locator: '//a[2]/div/span'.

15-02-2024T21:21:59 - [MESSAGE][INFO] - [SELF-HEALING] Failed Locator: '//span[@id = 'nav-link-accountList-nav-line-1' and (text() = 'Hello, sign in' or . = 'Hello, sign in')]'.

15-02-2024T21:22:54 - [MESSAGE][INFO] - [SELF-HEALING] Screenshot: C:/Users/User/git/Katalon_Amazon_01/Reports/Self-healing/Object Repository/Amazon_Login_OR/Page_Online Shopping site in India Shop Onl_10c5f3/span_Hello, sign in_BASIC.png

15-02-2024T21:22:54 - [MESSAGE][WARNING] - [SELF-HEALING] The current locator of test object 'Object Repository/Amazon_Login_OR/Page_Online Shopping site in India Shop Onl_10c5f3/span_Hello, sign in' was broken. Propose an alternative one: '//*[@id = 'nav-link-accountList-nav-line-1' and (text() = 'Hello, sign in' or . = 'Hello, sign in')]'.

15-02-2024T21:22:59 - [MESSAGE][PASSED] - Object: 'Object Repository/Amazon_Login_OR/Page_Online Shopping site in India Shop Onl_10c5f3/span_Hello, sign in' is clicked on

15-02-2024T21:22:59 - [TEST_STEP][PASSED] - setText(findTestObject("Object Repository/Amazon_Login_OR/Page_Amazon Sign In/input_Email or mobile phone number_email"), "amrutha.ravisankar.04@gmail.com"): Text 'amrutha.ravisankar.04@gmail.com' is set on object 'Object Repository/Amazon_Login_OR/Page_Amazon Sign In/input_Email or mobile phone number_email'

15-02-2024T21:23:01 - [MESSAGE][PASSED] - Text 'amrutha.ravisankar.04@gmail.com' is set on object 'Object Repository/Amazon_Login_OR/Page_Amazon Sign In/input_Email or mobile phone number_email'

15-02-2024T21:23:01 - [TEST_STEP][PASSED] - click(findTestObject("Object Repository/Amazon_Login_OR/Page_Amazon Sign In/input_Enter your email or mobile phone numb_fc7402")): Object: 'Object Repository/Amazon_Login_OR/Page_Amazon Sign In/input_Enter your email or mobile phone numb_fc7402' is clicked on

15-02-2024T21:23:17 - [MESSAGE][PASSED] - Object: 'Object Repository/Amazon_Login_OR/Page_Amazon Sign In/input_Enter your email or mobile phone numb_fc7402' is clicked on

15-02-2024T21:23:17 - [TEST_STEP][PASSED] - setText(findTestObject("Object Repository/Amazon_Login_OR/Page_Amazon Sign In/input_Forgot Password_password"), "ammu0404"): Text 'ammu0404' is set on object 'Object Repository/Amazon_Login_OR/Page_Amazon Sign In/input_Forgot Password_password'

15-02-2024T21:23:18 - [MESSAGE][PASSED] - Text 'ammu0404' is set on object 'Object Repository/Amazon_Login_OR/Page_Amazon Sign In/input_Forgot Password_password'

15-02-2024T21:23:18 - [TEST_STEP][PASSED] - click(findTestObject("Object Repository/Amazon_Login_OR/Page_Amazon Sign In/input_Enter your password_signInSubmit")): Object: 'Object Repository/Amazon_Login_OR/Page_Amazon Sign In/input_Enter your password_signInSubmit' is clicked on

15-02-2024T21:23:49 - [MESSAGE][PASSED] - Object: 'Object Repository/Amazon_Login_OR/Page_Amazon Sign In/input_Enter your password_signInSubmit' is clicked on

15-02-2024T21:23:49 - [TEST_STEP][PASSED] - rightClick(findTestObject("Object Repository/Amazon_Login_OR/Page_Online Shopping site in India Shop Onl_10c5f3/span_Hello, NarmadhaRavisankar")): Object: 'Object Repository/Amazon_Login_OR/Page_Online Shopping site in India Shop Onl_10c5f3/span_Hello, NarmadhaRavisankar' is right clicked on

15-02-2024T21:23:54 - [MESSAGE][PASSED] - Object: 'Object Repository/Amazon_Login_OR/Page_Online Shopping site in India Shop Onl_10c5f3/span_Hello, NarmadhaRavisankar' is right clicked on

15-02-2024T21:23:54 - [TEST_STEP][PASSED] - closeBrowser(): Browser is closed

15-02-2024T21:23:55 - [MESSAGE][PASSED] - Browser is closed

15-02-2024T21:23:55 - [TEST_STEP][PASSED] - Start listener action : sampleAfterTestCase: Browser is closed

15-02-2024T21:23:55 - [TEST_STEP][PASSED] - closeBrowser(): Browser is closed

15-02-2024T21:23:55 - [MESSAGE][PASSED] - Browser is closed]]></system-out>
         <system-err><![CDATA[]]></system-err>
      </testcase>
      <system-out><![CDATA[15-02-2024T21:20:51 - [TEST_SUITE][PASSED] - Amazon_TestSuite_Login: Test Cases/Amazon/TC_Amazon_Login]]></system-out>
      <system-err><![CDATA[]]></system-err>
   </testsuite>
</testsuites>
