<?xml version="1.0" encoding="UTF-8"?>
<testsuites name="Amazon_Login_Excel" time="109.023" tests="1" failures="0" errors="0">
   <testsuite name="Amazon_Login_Excel" tests="1" failures="0" errors="0" time="109.023" skipped="0" timestamp="04-03-2024T19:05:07" hostname="User - DELL-inspiron" id="Test Suites/Amazon_Login_Excel">
      <properties>
         <property name="deviceName" value=""/>
         <property name="devicePlatform" value=""/>
         <property name="logFolder" value="C:\\Users\\User\\git\\Katalon_Amazon_01\\Reports\\20240304_190501\\Amazon_Login_Excel\\20240304_190501"/>
         <property name="logFiles" value="C:\\Users\\User\\git\\Katalon_Amazon_01\\Reports\\20240304_190501\\Amazon_Login_Excel\\20240304_190501\\execution0.log"/>
         <property name="attachments" value=""/>
         <property name="hostName" value="User - DELL-inspiron"/>
         <property name="os" value="Windows 11 64bit"/>
         <property name="katalonVersion" value="9.3.0.212"/>
         <property name="browser" value="Chrome 122.0.0.0"/>
         <property name="hostAddress" value="192.168.238.149"/>
         <property name="sessionId" value="0db52d3d40ad5f34c92b13f77b455e2d"/>
         <property name="seleniumVersion" value="3.141.59"/>
         <property name="proxyInformation" value="ProxyInformation { proxyOption=NO_PROXY, proxyServerType=HTTP, username=, password=********, proxyServerAddress=, proxyServerPort=0, executionList=&quot;&quot;, isApplyToDesiredCapabilities=true }"/>
         <property name="platform" value="Windows 11"/>
      </properties>
      <testcase name="Test Cases/Amazon/TC_Amazon_Login" time="108.403" classname="Test Cases/Amazon/TC_Amazon_Login" status="PASSED">
         <system-out><![CDATA[04-03-2024T19:05:08 - [TEST_CASE][PASSED] - Test Cases/Amazon/TC_Amazon_Login: Test Cases/Amazon/TC_Amazon_Login

04-03-2024T19:05:08 - [TEST_STEP][PASSED] - Start listener action : sampleBeforeTestCase: null

04-03-2024T19:05:08 - [TEST_STEP][PASSED] - openBrowser(""): Browser is opened with url: ''

04-03-2024T19:05:08 - [MESSAGE][INFO] - Starting 'Chrome' driver

04-03-2024T19:05:09 - [MESSAGE][INFO] - Action delay is set to 0 milliseconds

04-03-2024T19:05:14 - [MESSAGE][PASSED] - Browser is opened with url: ''

04-03-2024T19:05:14 - [TEST_STEP][PASSED] - navigateToUrl("https://www.amazon.in/"): Navigate to 'https://www.amazon.in/' successfully

04-03-2024T19:06:03 - [MESSAGE][PASSED] - Navigate to 'https://www.amazon.in/' successfully

04-03-2024T19:06:03 - [TEST_STEP][PASSED] - click(findTestObject("Object Repository/Amazon_Login_OR/Page_Online Shopping site in India Shop Onl_10c5f3/span_Hello, sign in")): Object: 'Object Repository/Amazon_Login_OR/Page_Online Shopping site in India Shop Onl_10c5f3/span_Hello, sign in' is clicked on

04-03-2024T19:06:18 - [MESSAGE][PASSED] - Object: 'Object Repository/Amazon_Login_OR/Page_Online Shopping site in India Shop Onl_10c5f3/span_Hello, sign in' is clicked on

04-03-2024T19:06:18 - [TEST_STEP][PASSED] - setText(findTestObject("Object Repository/Amazon_Login_OR/Page_Amazon Sign In/input_Email or mobile phone number_email"), username): Text 'amrutha.ravisankar.04@gmail.com' is set on object 'Object Repository/Amazon_Login_OR/Page_Amazon Sign In/input_Email or mobile phone number_email'

04-03-2024T19:06:21 - [MESSAGE][PASSED] - Text 'amrutha.ravisankar.04@gmail.com' is set on object 'Object Repository/Amazon_Login_OR/Page_Amazon Sign In/input_Email or mobile phone number_email'

04-03-2024T19:06:21 - [TEST_STEP][PASSED] - click(findTestObject("Object Repository/Amazon_Login_OR/Page_Amazon Sign In/input_Enter your email or mobile phone numb_fc7402")): Object: 'Object Repository/Amazon_Login_OR/Page_Amazon Sign In/input_Enter your email or mobile phone numb_fc7402' is clicked on

04-03-2024T19:06:42 - [MESSAGE][PASSED] - Object: 'Object Repository/Amazon_Login_OR/Page_Amazon Sign In/input_Enter your email or mobile phone numb_fc7402' is clicked on

04-03-2024T19:06:42 - [TEST_STEP][PASSED] - setText(findTestObject("Object Repository/Amazon_Login_OR/Page_Amazon Sign In/input_Forgot Password_password"), password): Text 'amruthar@04' is set on object 'Object Repository/Amazon_Login_OR/Page_Amazon Sign In/input_Forgot Password_password'

04-03-2024T19:06:45 - [MESSAGE][PASSED] - Text 'amruthar@04' is set on object 'Object Repository/Amazon_Login_OR/Page_Amazon Sign In/input_Forgot Password_password'

04-03-2024T19:06:45 - [TEST_STEP][PASSED] - click(findTestObject("Object Repository/Amazon_Login_OR/Page_Amazon Sign In/input_Enter your password_signInSubmit")): Object: 'Object Repository/Amazon_Login_OR/Page_Amazon Sign In/input_Enter your password_signInSubmit' is clicked on

04-03-2024T19:06:54 - [MESSAGE][PASSED] - Object: 'Object Repository/Amazon_Login_OR/Page_Amazon Sign In/input_Enter your password_signInSubmit' is clicked on

04-03-2024T19:06:54 - [TEST_STEP][PASSED] - closeBrowser(): Browser is closed

04-03-2024T19:06:56 - [MESSAGE][PASSED] - Browser is closed

04-03-2024T19:06:56 - [TEST_STEP][PASSED] - Start listener action : sampleAfterTestCase: null]]></system-out>
         <system-err><![CDATA[]]></system-err>
      </testcase>
      <system-out><![CDATA[04-03-2024T19:05:07 - [TEST_SUITE][PASSED] - Amazon_Login_Excel: Test Cases/Amazon/TC_Amazon_Login]]></system-out>
      <system-err><![CDATA[]]></system-err>
   </testsuite>
</testsuites>
