<?xml version="1.0" encoding="UTF-8"?>
<testsuites name="Amazon_TestSuite_Login" time="98.607" tests="1" failures="0" errors="0">
   <testsuite name="Amazon_TestSuite_Login" tests="1" failures="0" errors="0" time="98.607" skipped="0" timestamp="02-03-2024T19:22:07" hostname="User - DELL-inspiron" id="Test Suites/Amazon_TestSuite/Amazon_TestSuite_Login">
      <properties>
         <property name="deviceName" value=""/>
         <property name="devicePlatform" value=""/>
         <property name="logFolder" value="C:\\Users\\User\\git\\Katalon_Amazon_01\\Reports\\20240302_192153\\Amazon_TestSuite\\Amazon_TestSuite_Login\\20240302_192153"/>
         <property name="logFiles" value="C:\\Users\\User\\git\\Katalon_Amazon_01\\Reports\\20240302_192153\\Amazon_TestSuite\\Amazon_TestSuite_Login\\20240302_192153\\execution0.log"/>
         <property name="attachments" value=""/>
         <property name="hostName" value="User - DELL-inspiron"/>
         <property name="os" value="Windows 11 64bit"/>
         <property name="katalonVersion" value="9.3.0.212"/>
         <property name="browser" value="Chrome 122.0.0.0"/>
         <property name="hostAddress" value="192.168.238.149"/>
         <property name="sessionId" value="b09b372bc29c1992edeb1802fa4fcf1d"/>
         <property name="seleniumVersion" value="3.141.59"/>
         <property name="proxyInformation" value="ProxyInformation { proxyOption=NO_PROXY, proxyServerType=HTTP, username=, password=********, proxyServerAddress=, proxyServerPort=0, executionList=&quot;&quot;, isApplyToDesiredCapabilities=true }"/>
         <property name="platform" value="Windows 11"/>
      </properties>
      <testcase name="Test Cases/Amazon/TC_Amazon_Login" time="97.974" classname="Test Cases/Amazon/TC_Amazon_Login" status="PASSED">
         <system-out><![CDATA[02-03-2024T19:22:08 - [TEST_CASE][PASSED] - Test Cases/Amazon/TC_Amazon_Login: Test Cases/Amazon/TC_Amazon_Login

02-03-2024T19:22:08 - [TEST_STEP][PASSED] - Start listener action : sampleBeforeTestCase: Navigate to 'https://www.amazon.in/' successfully

02-03-2024T19:22:08 - [TEST_STEP][PASSED] - openBrowser(""): Browser is opened with url: ''

02-03-2024T19:22:08 - [MESSAGE][INFO] - Starting 'Chrome' driver

02-03-2024T19:22:09 - [MESSAGE][INFO] - Action delay is set to 0 milliseconds

02-03-2024T19:22:19 - [MESSAGE][PASSED] - Browser is opened with url: ''

02-03-2024T19:22:19 - [TEST_STEP][PASSED] - navigateToUrl("https://www.amazon.in/"): Navigate to 'https://www.amazon.in/' successfully

02-03-2024T19:22:29 - [MESSAGE][PASSED] - Navigate to 'https://www.amazon.in/' successfully

02-03-2024T19:22:29 - [TEST_STEP][PASSED] - openBrowser(""): Browser is opened with url: ''

02-03-2024T19:22:29 - [MESSAGE][WARNING] - A browser is already opened. Closing browser and opening a new one

02-03-2024T19:22:30 - [MESSAGE][INFO] - Starting 'Chrome' driver

02-03-2024T19:22:30 - [MESSAGE][INFO] - Action delay is set to 0 milliseconds

02-03-2024T19:22:32 - [MESSAGE][PASSED] - Browser is opened with url: ''

02-03-2024T19:22:32 - [TEST_STEP][PASSED] - navigateToUrl("https://www.amazon.in/"): Navigate to 'https://www.amazon.in/' successfully

02-03-2024T19:22:49 - [MESSAGE][PASSED] - Navigate to 'https://www.amazon.in/' successfully

02-03-2024T19:22:49 - [TEST_STEP][PASSED] - click(findTestObject("Object Repository/Amazon_Login_OR/Page_Online Shopping site in India Shop Onl_10c5f3/span_Hello, sign in")): Object: 'Object Repository/Amazon_Login_OR/Page_Online Shopping site in India Shop Onl_10c5f3/span_Hello, sign in' is clicked on

02-03-2024T19:22:58 - [MESSAGE][PASSED] - Object: 'Object Repository/Amazon_Login_OR/Page_Online Shopping site in India Shop Onl_10c5f3/span_Hello, sign in' is clicked on

02-03-2024T19:22:58 - [TEST_STEP][PASSED] - setText(findTestObject("Object Repository/Amazon_Login_OR/Page_Amazon Sign In/input_Email or mobile phone number_email"), "amrutha.ravisankar.04@gmail.com"): Text 'amrutha.ravisankar.04@gmail.com' is set on object 'Object Repository/Amazon_Login_OR/Page_Amazon Sign In/input_Email or mobile phone number_email'

02-03-2024T19:23:17 - [MESSAGE][PASSED] - Text 'amrutha.ravisankar.04@gmail.com' is set on object 'Object Repository/Amazon_Login_OR/Page_Amazon Sign In/input_Email or mobile phone number_email'

02-03-2024T19:23:17 - [TEST_STEP][PASSED] - click(findTestObject("Object Repository/Amazon_Login_OR/Page_Amazon Sign In/input_Enter your email or mobile phone numb_fc7402")): Object: 'Object Repository/Amazon_Login_OR/Page_Amazon Sign In/input_Enter your email or mobile phone numb_fc7402' is clicked on

02-03-2024T19:23:21 - [MESSAGE][PASSED] - Object: 'Object Repository/Amazon_Login_OR/Page_Amazon Sign In/input_Enter your email or mobile phone numb_fc7402' is clicked on

02-03-2024T19:23:21 - [TEST_STEP][PASSED] - setText(findTestObject("Object Repository/Amazon_Login_OR/Page_Amazon Sign In/input_Forgot Password_password"), "amruthar@04"): Text 'amruthar@04' is set on object 'Object Repository/Amazon_Login_OR/Page_Amazon Sign In/input_Forgot Password_password'

02-03-2024T19:23:24 - [MESSAGE][PASSED] - Text 'amruthar@04' is set on object 'Object Repository/Amazon_Login_OR/Page_Amazon Sign In/input_Forgot Password_password'

02-03-2024T19:23:24 - [TEST_STEP][PASSED] - click(findTestObject("Object Repository/Amazon_Login_OR/Page_Amazon Sign In/input_Enter your password_signInSubmit")): Object: 'Object Repository/Amazon_Login_OR/Page_Amazon Sign In/input_Enter your password_signInSubmit' is clicked on

02-03-2024T19:23:44 - [MESSAGE][PASSED] - Object: 'Object Repository/Amazon_Login_OR/Page_Amazon Sign In/input_Enter your password_signInSubmit' is clicked on

02-03-2024T19:23:44 - [TEST_STEP][PASSED] - closeBrowser(): Browser is closed

02-03-2024T19:23:46 - [MESSAGE][PASSED] - Browser is closed

02-03-2024T19:23:46 - [TEST_STEP][PASSED] - Start listener action : sampleAfterTestCase: Browser is closed

02-03-2024T19:23:46 - [TEST_STEP][PASSED] - closeBrowser(): Browser is closed

02-03-2024T19:23:46 - [MESSAGE][PASSED] - Browser is closed]]></system-out>
         <system-err><![CDATA[]]></system-err>
      </testcase>
      <system-out><![CDATA[02-03-2024T19:22:07 - [TEST_SUITE][PASSED] - Amazon_TestSuite_Login: Test Cases/Amazon/TC_Amazon_Login]]></system-out>
      <system-err><![CDATA[]]></system-err>
   </testsuite>
</testsuites>
