<?xml version="1.0" encoding="UTF-8"?>
<testsuites name="Amazon_TestSuite_Login" time="110.26" tests="1" failures="0" errors="0">
   <testsuite name="Amazon_TestSuite_Login" tests="1" failures="0" errors="0" time="110.26" skipped="0" timestamp="04-03-2024T18:58:46" hostname="User - DELL-inspiron" id="Test Suites/Amazon_TestSuite/Amazon_TestSuite_Login">
      <properties>
         <property name="deviceName" value=""/>
         <property name="devicePlatform" value=""/>
         <property name="logFolder" value="C:\\Users\\User\\git\\Katalon_Amazon_01\\Reports\\20240304_185831\\Amazon_TestSuite\\Amazon_TestSuite_Login\\20240304_185836"/>
         <property name="logFiles" value="C:\\Users\\User\\git\\Katalon_Amazon_01\\Reports\\20240304_185831\\Amazon_TestSuite\\Amazon_TestSuite_Login\\20240304_185836\\execution0.log"/>
         <property name="attachments" value=""/>
         <property name="hostName" value="User - DELL-inspiron"/>
         <property name="os" value="Windows 11 64bit"/>
         <property name="katalonVersion" value="9.3.0.212"/>
         <property name="browser" value="Chrome 122.0.0.0"/>
         <property name="hostAddress" value="192.168.238.149"/>
         <property name="sessionId" value="265d5318219ad7126c91776821e80d9a"/>
         <property name="seleniumVersion" value="3.141.59"/>
         <property name="proxyInformation" value="ProxyInformation { proxyOption=NO_PROXY, proxyServerType=HTTP, username=, password=********, proxyServerAddress=, proxyServerPort=0, executionList=&quot;&quot;, isApplyToDesiredCapabilities=true }"/>
         <property name="platform" value="Windows 11"/>
      </properties>
      <testcase name="Test Cases/Amazon/TC_Amazon_Login" time="109.825" classname="Test Cases/Amazon/TC_Amazon_Login" status="PASSED">
         <system-out><![CDATA[04-03-2024T18:58:47 - [TEST_CASE][PASSED] - Test Cases/Amazon/TC_Amazon_Login: Test Cases/Amazon/TC_Amazon_Login

04-03-2024T18:58:47 - [TEST_STEP][PASSED] - Start listener action : sampleBeforeTestCase: null

04-03-2024T18:58:47 - [TEST_STEP][PASSED] - openBrowser(""): Browser is opened with url: ''

04-03-2024T18:58:47 - [MESSAGE][INFO] - Starting 'Chrome' driver

04-03-2024T18:58:47 - [MESSAGE][INFO] - Action delay is set to 0 milliseconds

04-03-2024T18:58:52 - [MESSAGE][PASSED] - Browser is opened with url: ''

04-03-2024T18:58:52 - [TEST_STEP][PASSED] - navigateToUrl("https://www.amazon.in/"): Navigate to 'https://www.amazon.in/' successfully

04-03-2024T18:59:17 - [MESSAGE][PASSED] - Navigate to 'https://www.amazon.in/' successfully

04-03-2024T18:59:17 - [TEST_STEP][PASSED] - click(findTestObject("Object Repository/Amazon_Login_OR/Page_Online Shopping site in India Shop Onl_10c5f3/span_Hello, sign in")): Object: 'Object Repository/Amazon_Login_OR/Page_Online Shopping site in India Shop Onl_10c5f3/span_Hello, sign in' is clicked on

04-03-2024T18:59:23 - [MESSAGE][PASSED] - Object: 'Object Repository/Amazon_Login_OR/Page_Online Shopping site in India Shop Onl_10c5f3/span_Hello, sign in' is clicked on

04-03-2024T18:59:23 - [TEST_STEP][PASSED] - setText(findTestObject("Object Repository/Amazon_Login_OR/Page_Amazon Sign In/input_Email or mobile phone number_email"), "amrutha.ravisankar.04@gmail.com"): Text 'amrutha.ravisankar.04@gmail.com' is set on object 'Object Repository/Amazon_Login_OR/Page_Amazon Sign In/input_Email or mobile phone number_email'

04-03-2024T18:59:25 - [MESSAGE][PASSED] - Text 'amrutha.ravisankar.04@gmail.com' is set on object 'Object Repository/Amazon_Login_OR/Page_Amazon Sign In/input_Email or mobile phone number_email'

04-03-2024T18:59:25 - [TEST_STEP][PASSED] - click(findTestObject("Object Repository/Amazon_Login_OR/Page_Amazon Sign In/input_Enter your email or mobile phone numb_fc7402")): Object: 'Object Repository/Amazon_Login_OR/Page_Amazon Sign In/input_Enter your email or mobile phone numb_fc7402' is clicked on

04-03-2024T18:59:45 - [MESSAGE][PASSED] - Object: 'Object Repository/Amazon_Login_OR/Page_Amazon Sign In/input_Enter your email or mobile phone numb_fc7402' is clicked on

04-03-2024T18:59:45 - [TEST_STEP][PASSED] - setText(findTestObject("Object Repository/Amazon_Login_OR/Page_Amazon Sign In/input_Forgot Password_password"), "amruthar@04"): Text 'amruthar@04' is set on object 'Object Repository/Amazon_Login_OR/Page_Amazon Sign In/input_Forgot Password_password'

04-03-2024T18:59:46 - [MESSAGE][PASSED] - Text 'amruthar@04' is set on object 'Object Repository/Amazon_Login_OR/Page_Amazon Sign In/input_Forgot Password_password'

04-03-2024T18:59:46 - [TEST_STEP][PASSED] - click(findTestObject("Object Repository/Amazon_Login_OR/Page_Amazon Sign In/input_Enter your password_signInSubmit")): Object: 'Object Repository/Amazon_Login_OR/Page_Amazon Sign In/input_Enter your password_signInSubmit' is clicked on

04-03-2024T18:59:50 - [MESSAGE][PASSED] - Object: 'Object Repository/Amazon_Login_OR/Page_Amazon Sign In/input_Enter your password_signInSubmit' is clicked on

04-03-2024T18:59:50 - [TEST_STEP][PASSED] - closeBrowser(): Browser is closed

04-03-2024T19:00:36 - [MESSAGE][PASSED] - Browser is closed

04-03-2024T19:00:36 - [TEST_STEP][PASSED] - Start listener action : sampleAfterTestCase: null]]></system-out>
         <system-err><![CDATA[]]></system-err>
      </testcase>
      <system-out><![CDATA[04-03-2024T18:58:46 - [TEST_SUITE][PASSED] - Amazon_TestSuite_Login: Test Cases/Amazon/TC_Amazon_Login]]></system-out>
      <system-err><![CDATA[]]></system-err>
   </testsuite>
</testsuites>
