<?xml version="1.0" encoding="UTF-8"?>
<testsuites name="Amazon_TestSuite_Login" time="96.877" tests="1" failures="0" errors="0">
   <testsuite name="Amazon_TestSuite_Login" tests="1" failures="0" errors="0" time="96.877" skipped="0" timestamp="15-02-2024T21:05:43" hostname="User - DELL-inspiron" id="Test Suites/Amazon_TestSuite/Amazon_TestSuite_Login">
      <properties>
         <property name="deviceName" value=""/>
         <property name="devicePlatform" value=""/>
         <property name="logFolder" value="C:\\Users\\User\\git\\Katalon_Amazon_01\\Reports\\20240215_210537\\Amazon_TestSuite\\Amazon_TestSuite_Login\\20240215_210537"/>
         <property name="logFiles" value="C:\\Users\\User\\git\\Katalon_Amazon_01\\Reports\\20240215_210537\\Amazon_TestSuite\\Amazon_TestSuite_Login\\20240215_210537\\execution0.log"/>
         <property name="attachments" value=""/>
         <property name="hostName" value="User - DELL-inspiron"/>
         <property name="os" value="Windows 11 64bit"/>
         <property name="katalonVersion" value="9.3.0.212"/>
         <property name="browser" value="Chrome 121.0.0.0"/>
         <property name="hostAddress" value="192.168.202.149"/>
         <property name="sessionId" value="4b1615fadf3a2a17763ada1390df9c3e"/>
         <property name="seleniumVersion" value="3.141.59"/>
         <property name="proxyInformation" value="ProxyInformation { proxyOption=NO_PROXY, proxyServerType=HTTP, username=, password=********, proxyServerAddress=, proxyServerPort=0, executionList=&quot;&quot;, isApplyToDesiredCapabilities=true }"/>
         <property name="platform" value="Windows 11"/>
      </properties>
      <testcase name="Test Cases/Amazon/TC_Amazon_Login" time="96.272" classname="Test Cases/Amazon/TC_Amazon_Login" status="PASSED">
         <system-out><![CDATA[15-02-2024T21:05:44 - [TEST_CASE][PASSED] - Test Cases/Amazon/TC_Amazon_Login: Test Cases/Amazon/TC_Amazon_Login

15-02-2024T21:05:44 - [TEST_STEP][PASSED] - Start listener action : sampleBeforeTestCase: Navigate to 'https://www.amazon.in/' successfully

15-02-2024T21:05:44 - [TEST_STEP][PASSED] - openBrowser(""): Browser is opened with url: ''

15-02-2024T21:05:44 - [MESSAGE][INFO] - Starting 'Chrome' driver

15-02-2024T21:05:45 - [MESSAGE][INFO] - Action delay is set to 0 milliseconds

15-02-2024T21:05:48 - [MESSAGE][PASSED] - Browser is opened with url: ''

15-02-2024T21:05:48 - [TEST_STEP][PASSED] - navigateToUrl("https://www.amazon.in/"): Navigate to 'https://www.amazon.in/' successfully

15-02-2024T21:06:02 - [MESSAGE][PASSED] - Navigate to 'https://www.amazon.in/' successfully

15-02-2024T21:06:03 - [TEST_STEP][PASSED] - openBrowser(""): Browser is opened with url: ''

15-02-2024T21:06:03 - [MESSAGE][WARNING] - A browser is already opened. Closing browser and opening a new one

15-02-2024T21:06:03 - [MESSAGE][INFO] - Starting 'Chrome' driver

15-02-2024T21:06:03 - [MESSAGE][INFO] - Action delay is set to 0 milliseconds

15-02-2024T21:06:05 - [MESSAGE][PASSED] - Browser is opened with url: ''

15-02-2024T21:06:05 - [TEST_STEP][PASSED] - navigateToUrl("https://www.amazon.in/"): Navigate to 'https://www.amazon.in/' successfully

15-02-2024T21:06:26 - [MESSAGE][PASSED] - Navigate to 'https://www.amazon.in/' successfully

15-02-2024T21:06:26 - [TEST_STEP][PASSED] - click(findTestObject("Object Repository/Amazon_Login_OR/Page_Online Shopping site in India Shop Onl_10c5f3/span_Hello, sign in")): Object: 'Object Repository/Amazon_Login_OR/Page_Online Shopping site in India Shop Onl_10c5f3/span_Hello, sign in' is clicked on

15-02-2024T21:06:32 - [MESSAGE][PASSED] - Object: 'Object Repository/Amazon_Login_OR/Page_Online Shopping site in India Shop Onl_10c5f3/span_Hello, sign in' is clicked on

15-02-2024T21:06:32 - [TEST_STEP][PASSED] - setText(findTestObject("Object Repository/Amazon_Login_OR/Page_Amazon Sign In/input_Email or mobile phone number_email"), "amrutha.ravisankar.04@gmail.com"): Text 'amrutha.ravisankar.04@gmail.com' is set on object 'Object Repository/Amazon_Login_OR/Page_Amazon Sign In/input_Email or mobile phone number_email'

15-02-2024T21:06:33 - [MESSAGE][PASSED] - Text 'amrutha.ravisankar.04@gmail.com' is set on object 'Object Repository/Amazon_Login_OR/Page_Amazon Sign In/input_Email or mobile phone number_email'

15-02-2024T21:06:33 - [TEST_STEP][PASSED] - click(findTestObject("Object Repository/Amazon_Login_OR/Page_Amazon Sign In/input_Enter your email or mobile phone numb_fc7402")): Object: 'Object Repository/Amazon_Login_OR/Page_Amazon Sign In/input_Enter your email or mobile phone numb_fc7402' is clicked on

15-02-2024T21:06:45 - [MESSAGE][PASSED] - Object: 'Object Repository/Amazon_Login_OR/Page_Amazon Sign In/input_Enter your email or mobile phone numb_fc7402' is clicked on

15-02-2024T21:06:45 - [TEST_STEP][PASSED] - setText(findTestObject("Object Repository/Amazon_Login_OR/Page_Amazon Sign In/input_Forgot Password_password"), "ammu0404"): Text 'ammu0404' is set on object 'Object Repository/Amazon_Login_OR/Page_Amazon Sign In/input_Forgot Password_password'

15-02-2024T21:06:46 - [MESSAGE][PASSED] - Text 'ammu0404' is set on object 'Object Repository/Amazon_Login_OR/Page_Amazon Sign In/input_Forgot Password_password'

15-02-2024T21:06:46 - [TEST_STEP][PASSED] - click(findTestObject("Object Repository/Amazon_Login_OR/Page_Amazon Sign In/input_Enter your password_signInSubmit")): Object: 'Object Repository/Amazon_Login_OR/Page_Amazon Sign In/input_Enter your password_signInSubmit' is clicked on

15-02-2024T21:07:10 - [MESSAGE][PASSED] - Object: 'Object Repository/Amazon_Login_OR/Page_Amazon Sign In/input_Enter your password_signInSubmit' is clicked on

15-02-2024T21:07:10 - [TEST_STEP][PASSED] - rightClick(findTestObject("Object Repository/Amazon_Login_OR/Page_Online Shopping site in India Shop Onl_10c5f3/span_Hello, NarmadhaRavisankar")): Object: 'Object Repository/Amazon_Login_OR/Page_Online Shopping site in India Shop Onl_10c5f3/span_Hello, NarmadhaRavisankar' is right clicked on

15-02-2024T21:07:17 - [MESSAGE][PASSED] - Object: 'Object Repository/Amazon_Login_OR/Page_Online Shopping site in India Shop Onl_10c5f3/span_Hello, NarmadhaRavisankar' is right clicked on

15-02-2024T21:07:17 - [TEST_STEP][PASSED] - closeBrowser(): Browser is closed

15-02-2024T21:07:20 - [MESSAGE][PASSED] - Browser is closed

15-02-2024T21:07:20 - [TEST_STEP][PASSED] - Start listener action : sampleAfterTestCase: Browser is closed

15-02-2024T21:07:20 - [TEST_STEP][PASSED] - closeBrowser(): Browser is closed

15-02-2024T21:07:20 - [MESSAGE][PASSED] - Browser is closed]]></system-out>
         <system-err><![CDATA[]]></system-err>
      </testcase>
      <system-out><![CDATA[15-02-2024T21:05:43 - [TEST_SUITE][PASSED] - Amazon_TestSuite_Login: Test Cases/Amazon/TC_Amazon_Login]]></system-out>
      <system-err><![CDATA[]]></system-err>
   </testsuite>
</testsuites>
