<?xml version="1.0" encoding="UTF-8"?>
<testsuites name="Amazon_TestSuite_Search_An_Item" time="327.08" tests="1" failures="0" errors="0">
   <testsuite name="Amazon_TestSuite_Search_An_Item" tests="1" failures="0" errors="0" time="327.08" skipped="0" timestamp="02-03-2024T19:27:53" hostname="User - DELL-inspiron" id="Test Suites/Amazon_TestSuite/Amazon_TestSuite_Search_An_Item">
      <properties>
         <property name="deviceName" value=""/>
         <property name="devicePlatform" value=""/>
         <property name="logFolder" value="C:\\Users\\User\\git\\Katalon_Amazon_01\\Reports\\20240302_192735\\Amazon_TestSuite\\Amazon_TestSuite_Search_An_Item\\20240302_192735"/>
         <property name="logFiles" value="C:\\Users\\User\\git\\Katalon_Amazon_01\\Reports\\20240302_192735\\Amazon_TestSuite\\Amazon_TestSuite_Search_An_Item\\20240302_192735\\execution0.log"/>
         <property name="attachments" value=""/>
         <property name="hostName" value="User - DELL-inspiron"/>
         <property name="os" value="Windows 11 64bit"/>
         <property name="katalonVersion" value="9.3.0.212"/>
         <property name="browser" value="Chrome 122.0.0.0"/>
         <property name="hostAddress" value="192.168.238.149"/>
         <property name="sessionId" value="bdbd99197b9e0db1ea935a2afa25b09c"/>
         <property name="seleniumVersion" value="3.141.59"/>
         <property name="proxyInformation" value="ProxyInformation { proxyOption=NO_PROXY, proxyServerType=HTTP, username=, password=********, proxyServerAddress=, proxyServerPort=0, executionList=&quot;&quot;, isApplyToDesiredCapabilities=true }"/>
         <property name="platform" value="Windows 11"/>
      </properties>
      <testcase name="Test Cases/Amazon/TC_Amazon_Search_An_Item" time="326.386" classname="Test Cases/Amazon/TC_Amazon_Search_An_Item" status="PASSED">
         <system-out><![CDATA[02-03-2024T19:27:53 - [TEST_CASE][PASSED] - Test Cases/Amazon/TC_Amazon_Search_An_Item: Test Cases/Amazon/TC_Amazon_Search_An_Item

02-03-2024T19:27:54 - [TEST_STEP][PASSED] - Start listener action : sampleBeforeTestCase: Navigate to 'https://www.amazon.in/' successfully

02-03-2024T19:27:54 - [TEST_STEP][PASSED] - openBrowser(""): Browser is opened with url: ''

02-03-2024T19:27:54 - [MESSAGE][INFO] - Starting 'Chrome' driver

02-03-2024T19:27:55 - [MESSAGE][INFO] - Action delay is set to 0 milliseconds

02-03-2024T19:28:00 - [MESSAGE][PASSED] - Browser is opened with url: ''

02-03-2024T19:28:00 - [TEST_STEP][PASSED] - navigateToUrl("https://www.amazon.in/"): Navigate to 'https://www.amazon.in/' successfully

02-03-2024T19:28:23 - [MESSAGE][PASSED] - Navigate to 'https://www.amazon.in/' successfully

02-03-2024T19:28:23 - [TEST_STEP][PASSED] - openBrowser(""): Browser is opened with url: ''

02-03-2024T19:28:23 - [MESSAGE][WARNING] - A browser is already opened. Closing browser and opening a new one

02-03-2024T19:28:25 - [MESSAGE][INFO] - Starting 'Chrome' driver

02-03-2024T19:28:25 - [MESSAGE][INFO] - Action delay is set to 0 milliseconds

02-03-2024T19:28:31 - [MESSAGE][PASSED] - Browser is opened with url: ''

02-03-2024T19:28:31 - [TEST_STEP][PASSED] - navigateToUrl("https://www.amazon.in/"): Navigate to 'https://www.amazon.in/' successfully

02-03-2024T19:29:07 - [MESSAGE][PASSED] - Navigate to 'https://www.amazon.in/' successfully

02-03-2024T19:29:07 - [TEST_STEP][PASSED] - click(findTestObject("Object Repository/Amazon_Search_An_Item_OR/Page_Online Shopping site in India Shop Onl_10c5f3/span_Hello, sign in")): Object: 'Object Repository/Amazon_Search_An_Item_OR/Page_Online Shopping site in India Shop Onl_10c5f3/span_Hello, sign in' is clicked on

02-03-2024T19:29:28 - [MESSAGE][PASSED] - Object: 'Object Repository/Amazon_Search_An_Item_OR/Page_Online Shopping site in India Shop Onl_10c5f3/span_Hello, sign in' is clicked on

02-03-2024T19:29:28 - [TEST_STEP][PASSED] - setText(findTestObject("Object Repository/Amazon_Search_An_Item_OR/Page_Amazon Sign In/input_Email or mobile phone number_email"), "amrutha.ravisankar.04@gmail.com"): Text 'amrutha.ravisankar.04@gmail.com' is set on object 'Object Repository/Amazon_Search_An_Item_OR/Page_Amazon Sign In/input_Email or mobile phone number_email'

02-03-2024T19:30:29 - [MESSAGE][PASSED] - Text 'amrutha.ravisankar.04@gmail.com' is set on object 'Object Repository/Amazon_Search_An_Item_OR/Page_Amazon Sign In/input_Email or mobile phone number_email'

02-03-2024T19:30:29 - [TEST_STEP][PASSED] - click(findTestObject("Object Repository/Amazon_Search_An_Item_OR/Page_Amazon Sign In/input_Enter your email or mobile phone numb_fc7402")): Object: 'Object Repository/Amazon_Search_An_Item_OR/Page_Amazon Sign In/input_Enter your email or mobile phone numb_fc7402' is clicked on

02-03-2024T19:30:41 - [MESSAGE][PASSED] - Object: 'Object Repository/Amazon_Search_An_Item_OR/Page_Amazon Sign In/input_Enter your email or mobile phone numb_fc7402' is clicked on

02-03-2024T19:30:41 - [TEST_STEP][PASSED] - setText(findTestObject("Object Repository/Amazon_Search_An_Item_OR/Page_Amazon Sign In/input_Forgot Password_password"), "amruthar@04"): Text 'amruthar@04' is set on object 'Object Repository/Amazon_Search_An_Item_OR/Page_Amazon Sign In/input_Forgot Password_password'

02-03-2024T19:30:42 - [MESSAGE][PASSED] - Text 'amruthar@04' is set on object 'Object Repository/Amazon_Search_An_Item_OR/Page_Amazon Sign In/input_Forgot Password_password'

02-03-2024T19:30:42 - [TEST_STEP][PASSED] - click(findTestObject("Object Repository/Amazon_Search_An_Item_OR/Page_Amazon Sign In/input_Enter your password_signInSubmit")): Object: 'Object Repository/Amazon_Search_An_Item_OR/Page_Amazon Sign In/input_Enter your password_signInSubmit' is clicked on

02-03-2024T19:31:14 - [MESSAGE][PASSED] - Object: 'Object Repository/Amazon_Search_An_Item_OR/Page_Amazon Sign In/input_Enter your password_signInSubmit' is clicked on

02-03-2024T19:31:14 - [TEST_STEP][PASSED] - selectOptionByValue(findTestObject("Object Repository/Amazon_Search_An_Item_OR/Page_Online Shopping site in India Shop Onl_10c5f3/select_All Categories        Alexa Skills  _59be89"), "search-alias=stripbooks", true): All options with value 'search-alias=stripbooks' are selected in object 'Object Repository/Amazon_Search_An_Item_OR/Page_Online Shopping site in India Shop Onl_10c5f3/select_All Categories        Alexa Skills  _59be89'  using regular expression

02-03-2024T19:31:19 - [MESSAGE][PASSED] - All options with value 'search-alias=stripbooks' are selected in object 'Object Repository/Amazon_Search_An_Item_OR/Page_Online Shopping site in India Shop Onl_10c5f3/select_All Categories        Alexa Skills  _59be89'  using regular expression

02-03-2024T19:31:19 - [TEST_STEP][PASSED] - setText(findTestObject("Object Repository/Amazon_Search_An_Item_OR/Page_Online Shopping site in India Shop Onl_10c5f3/input_Search Amazon.in_field-keywords"), "da vinci code "): Text 'da vinci code ' is set on object 'Object Repository/Amazon_Search_An_Item_OR/Page_Online Shopping site in India Shop Onl_10c5f3/input_Search Amazon.in_field-keywords'

02-03-2024T19:31:21 - [MESSAGE][PASSED] - Text 'da vinci code ' is set on object 'Object Repository/Amazon_Search_An_Item_OR/Page_Online Shopping site in India Shop Onl_10c5f3/input_Search Amazon.in_field-keywords'

02-03-2024T19:31:21 - [TEST_STEP][PASSED] - click(findTestObject("Object Repository/Amazon_Search_An_Item_OR/Page_Online Shopping site in India Shop Onl_10c5f3/input_Search Amazon.in_nav-search-submit-button")): Object: 'Object Repository/Amazon_Search_An_Item_OR/Page_Online Shopping site in India Shop Onl_10c5f3/input_Search Amazon.in_nav-search-submit-button' is clicked on

02-03-2024T19:32:04 - [MESSAGE][PASSED] - Object: 'Object Repository/Amazon_Search_An_Item_OR/Page_Online Shopping site in India Shop Onl_10c5f3/input_Search Amazon.in_nav-search-submit-button' is clicked on

02-03-2024T19:32:04 - [TEST_STEP][PASSED] - click(findTestObject("Object Repository/Amazon_Search_An_Item_OR/Page_Amazon.in  da vinci code/div_Results_a-section aok-relative s-image-_a39021")): Object: 'Object Repository/Amazon_Search_An_Item_OR/Page_Amazon.in  da vinci code/div_Results_a-section aok-relative s-image-_a39021' is clicked on

02-03-2024T19:32:05 - [MESSAGE][PASSED] - Object: 'Object Repository/Amazon_Search_An_Item_OR/Page_Amazon.in  da vinci code/div_Results_a-section aok-relative s-image-_a39021' is clicked on

02-03-2024T19:32:05 - [TEST_STEP][PASSED] - switchToWindowTitle("The Da Vinci Code (Abridged Edition) [Paperback] Brown, Dan : BROWN DAN: Amazon.in: Books"): Switched to window with title: 'The Da Vinci Code (Abridged Edition) [Paperback] Brown, Dan : BROWN DAN: Amazon.in: Books'

02-03-2024T19:32:30 - [MESSAGE][PASSED] - Switched to window with title: 'The Da Vinci Code (Abridged Edition) [Paperback] Brown, Dan : BROWN DAN: Amazon.in: Books'

02-03-2024T19:32:30 - [TEST_STEP][PASSED] - click(findTestObject("Object Repository/Amazon_Search_An_Item_OR/Page_The Da Vinci Code (Abridged Edition) P_54f610/span_The Da Vinci Code (Abridged Edition) P_4896eb")): Object: 'Object Repository/Amazon_Search_An_Item_OR/Page_The Da Vinci Code (Abridged Edition) P_54f610/span_The Da Vinci Code (Abridged Edition) P_4896eb' is clicked on

02-03-2024T19:32:34 - [MESSAGE][PASSED] - Object: 'Object Repository/Amazon_Search_An_Item_OR/Page_The Da Vinci Code (Abridged Edition) P_54f610/span_The Da Vinci Code (Abridged Edition) P_4896eb' is clicked on

02-03-2024T19:32:34 - [TEST_STEP][PASSED] - closeBrowser(): Browser is closed

02-03-2024T19:33:20 - [MESSAGE][PASSED] - Browser is closed

02-03-2024T19:33:20 - [TEST_STEP][PASSED] - Start listener action : sampleAfterTestCase: Browser is closed

02-03-2024T19:33:20 - [TEST_STEP][PASSED] - closeBrowser(): Browser is closed

02-03-2024T19:33:20 - [MESSAGE][PASSED] - Browser is closed]]></system-out>
         <system-err><![CDATA[]]></system-err>
      </testcase>
      <system-out><![CDATA[02-03-2024T19:27:53 - [TEST_SUITE][PASSED] - Amazon_TestSuite_Search_An_Item: Test Cases/Amazon/TC_Amazon_Search_An_Item]]></system-out>
      <system-err><![CDATA[]]></system-err>
   </testsuite>
</testsuites>
